<?xml version="1.0" encoding="UTF-8"?>
<testsuite xmlns:xsi="http://www.w3.org/2001/XMLSchema-instance" xsi:noNamespaceSchemaLocation="https://maven.apache.org/surefire/maven-surefire-plugin/xsd/surefire-test-report.xsd" version="3.0.2" name="com.nick.notetaker.NotetakerApplicationTests" time="4.574" tests="1" errors="0" skipped="0" failures="0">
  <properties>
[...]
</properties>
  <testcase name="contextLoads" classname="com.nick.notetaker.NotetakerApplicationTests" time="0.308">
    <system-out><![CDATA[20:59:44.167 [main] INFO org.springframework.test.context.support.AnnotationConfigContextLoaderUtils -- Could not detect default configuration classes for test class [com.nick.notetaker.NotetakerApplicationTests]: NotetakerApplicationTests does not declare any static, non-private, non-final, nested classes annotated with @Configuration.
20:59:44.263 [main] INFO org.springframework.boot.test.context.SpringBootTestContextBootstrapper -- Found @SpringBootConfiguration com.nick.notetaker.NotetakerApplication for test class com.nick.notetaker.NotetakerApplicationTests

  .   ____          _            __ _ _
 /\\ / ___'_ __ _ _(_)_ __  __ _ \ \ \ \
( ( )\___ | '_ | '_| | '_ \/ _` | \ \ \ \
 \\/  ___)| |_)| | | | | || (_| |  ) ) ) )
  '  |____| .__|_| |_|_| |_\__, | / / / /
 =========|_|==============|___/=/_/_/_/

 :: Spring Boot ::                (v3.5.4)

2025-08-29T20:59:44.654-04:00 DEBUG 12672 --- [notetaker] [kground-preinit] o.h.v.i.xml.config.ValidationXmlParser   : Trying to load META-INF/validation.xml for XML based Validator configuration.
2025-08-29T20:59:44.657-04:00 DEBUG 12672 --- [notetaker] [kground-preinit] o.h.v.i.xml.config.ResourceLoaderHelper  : Trying to load META-INF/validation.xml via TCCL
2025-08-29T20:59:44.657-04:00 DEBUG 12672 --- [notetaker] [kground-preinit] o.h.v.i.xml.config.ResourceLoaderHelper  : Trying to load META-INF/validation.xml via Hibernate Validator's class loader
2025-08-29T20:59:44.657-04:00 DEBUG 12672 --- [notetaker] [kground-preinit] o.h.v.i.xml.config.ValidationXmlParser   : No META-INF/validation.xml found. Using annotation based configuration only.
2025-08-29T20:59:44.663-04:00 DEBUG 12672 --- [notetaker] [kground-preinit] o.h.v.i.e.resolver.TraversableResolvers  : Found jakarta.persistence.Persistence on classpath containing 'getPersistenceUtil'. Assuming JPA 2 environment. Trying to instantiate JPA aware TraversableResolver
2025-08-29T20:59:44.664-04:00 DEBUG 12672 --- [notetaker] [kground-preinit] o.h.v.i.e.resolver.TraversableResolvers  : Instantiated JPA aware TraversableResolver of type org.hibernate.validator.internal.engine.resolver.JPATraversableResolver.
2025-08-29T20:59:44.680-04:00  INFO 12672 --- [notetaker] [           main] c.n.notetaker.NotetakerApplicationTests  : Starting NotetakerApplicationTests using Java 17.0.14 with PID 12672 (started by Nick in C:\Users\15189\Desktop\Code\updated_coding\projects\notes_app\notetaker)
2025-08-29T20:59:44.681-04:00  INFO 12672 --- [notetaker] [           main] c.n.notetaker.NotetakerApplicationTests  : No active profile set, falling back to 1 default profile: "default"
2025-08-29T20:59:44.689-04:00 DEBUG 12672 --- [notetaker] [kground-preinit] .h.v.m.ResourceBundleMessageInterpolator : Loaded expression factory via original TCCL
2025-08-29T20:59:44.784-04:00 DEBUG 12672 --- [notetaker] [kground-preinit] .i.e.ValidatorFactoryConfigurationHelper : HV000252: Using org.hibernate.validator.internal.engine.DefaultPropertyNodeNameProvider as property node name provider.
2025-08-29T20:59:44.789-04:00 DEBUG 12672 --- [notetaker] [kground-preinit] .i.e.ValidatorFactoryConfigurationHelper : HV000234: Using org.hibernate.validator.messageinterpolation.ResourceBundleMessageInterpolator as ValidatorFactory-scoped message interpolator.
2025-08-29T20:59:44.789-04:00 DEBUG 12672 --- [notetaker] [kground-preinit] .i.e.ValidatorFactoryConfigurationHelper : HV000234: Using org.hibernate.validator.internal.engine.resolver.JPATraversableResolver as ValidatorFactory-scoped traversable resolver.
2025-08-29T20:59:44.789-04:00 DEBUG 12672 --- [notetaker] [kground-preinit] .i.e.ValidatorFactoryConfigurationHelper : HV000234: Using org.hibernate.validator.internal.util.ExecutableParameterNameProvider as ValidatorFactory-scoped parameter name provider.
2025-08-29T20:59:44.789-04:00 DEBUG 12672 --- [notetaker] [kground-preinit] .i.e.ValidatorFactoryConfigurationHelper : HV000234: Using org.hibernate.validator.internal.engine.DefaultClockProvider as ValidatorFactory-scoped clock provider.
2025-08-29T20:59:44.789-04:00 DEBUG 12672 --- [notetaker] [kground-preinit] .i.e.ValidatorFactoryConfigurationHelper : HV000234: Using org.hibernate.validator.internal.engine.scripting.DefaultScriptEvaluatorFactory as ValidatorFactory-scoped script evaluator factory.
2025-08-29T20:59:45.370-04:00  INFO 12672 --- [notetaker] [           main] .s.d.r.c.RepositoryConfigurationDelegate : Bootstrapping Spring Data JPA repositories in DEFAULT mode.
2025-08-29T20:59:45.428-04:00  INFO 12672 --- [notetaker] [           main] .s.d.r.c.RepositoryConfigurationDelegate : Finished Spring Data repository scanning in 46 ms. Found 2 JPA repository interfaces.
2025-08-29T20:59:45.749-04:00  INFO 12672 --- [notetaker] [           main] o.hibernate.jpa.internal.util.LogHelper  : HHH000204: Processing PersistenceUnitInfo [name: default]
2025-08-29T20:59:45.814-04:00  INFO 12672 --- [notetaker] [           main] org.hibernate.Version                    : HHH000412: Hibernate ORM core version 6.6.22.Final
2025-08-29T20:59:45.863-04:00  INFO 12672 --- [notetaker] [           main] o.h.c.internal.RegionFactoryInitiator    : HHH000026: Second-level cache disabled
2025-08-29T20:59:46.217-04:00  INFO 12672 --- [notetaker] [           main] o.s.o.j.p.SpringPersistenceUnitInfo      : No LoadTimeWeaver setup: ignoring JPA class transformer
2025-08-29T20:59:46.252-04:00  INFO 12672 --- [notetaker] [           main] com.zaxxer.hikari.HikariDataSource       : HikariPool-1 - Starting...
2025-08-29T20:59:46.529-04:00  INFO 12672 --- [notetaker] [           main] com.zaxxer.hikari.pool.HikariPool        : HikariPool-1 - Added connection org.postgresql.jdbc.PgConnection@a95cb11
2025-08-29T20:59:46.530-04:00  INFO 12672 --- [notetaker] [           main] com.zaxxer.hikari.HikariDataSource       : HikariPool-1 - Start completed.
2025-08-29T20:59:46.613-04:00  INFO 12672 --- [notetaker] [           main] org.hibernate.orm.connections.pooling    : HHH10001005: Database info:
	Database JDBC URL [Connecting through datasource 'HikariDataSource (HikariPool-1)']
	Database driver: undefined/unknown
	Database version: 17.5
	Autocommit mode: undefined/unknown
	Isolation level: undefined/unknown
	Minimum pool size: undefined/unknown
	Maximum pool size: undefined/unknown
2025-08-29T20:59:46.868-04:00 DEBUG 12672 --- [notetaker] [           main] o.h.v.i.xml.config.ValidationXmlParser   : Trying to load META-INF/validation.xml for XML based Validator configuration.
2025-08-29T20:59:46.868-04:00 DEBUG 12672 --- [notetaker] [           main] o.h.v.i.xml.config.ResourceLoaderHelper  : Trying to load META-INF/validation.xml via TCCL
2025-08-29T20:59:46.868-04:00 DEBUG 12672 --- [notetaker] [           main] o.h.v.i.xml.config.ResourceLoaderHelper  : Trying to load META-INF/validation.xml via Hibernate Validator's class loader
2025-08-29T20:59:46.869-04:00 DEBUG 12672 --- [notetaker] [           main] o.h.v.i.xml.config.ValidationXmlParser   : No META-INF/validation.xml found. Using annotation based configuration only.
2025-08-29T20:59:46.869-04:00 DEBUG 12672 --- [notetaker] [           main] o.h.v.i.e.resolver.TraversableResolvers  : Found jakarta.persistence.Persistence on classpath containing 'getPersistenceUtil'. Assuming JPA 2 environment. Trying to instantiate JPA aware TraversableResolver
2025-08-29T20:59:46.869-04:00 DEBUG 12672 --- [notetaker] [           main] o.h.v.i.e.resolver.TraversableResolvers  : Instantiated JPA aware TraversableResolver of type org.hibernate.validator.internal.engine.resolver.JPATraversableResolver.
2025-08-29T20:59:46.869-04:00 DEBUG 12672 --- [notetaker] [           main] .h.v.m.ResourceBundleMessageInterpolator : Loaded expression factory via original TCCL
2025-08-29T20:59:46.870-04:00 DEBUG 12672 --- [notetaker] [           main] .i.e.ValidatorFactoryConfigurationHelper : HV000252: Using org.hibernate.validator.internal.engine.DefaultPropertyNodeNameProvider as property node name provider.
2025-08-29T20:59:46.870-04:00 DEBUG 12672 --- [notetaker] [           main] .i.e.ValidatorFactoryConfigurationHelper : HV000234: Using org.hibernate.validator.messageinterpolation.ResourceBundleMessageInterpolator as ValidatorFactory-scoped message interpolator.
2025-08-29T20:59:46.871-04:00 DEBUG 12672 --- [notetaker] [           main] .i.e.ValidatorFactoryConfigurationHelper : HV000234: Using org.hibernate.validator.internal.engine.resolver.JPATraversableResolver as ValidatorFactory-scoped traversable resolver.
2025-08-29T20:59:46.871-04:00 DEBUG 12672 --- [notetaker] [           main] .i.e.ValidatorFactoryConfigurationHelper : HV000234: Using org.hibernate.validator.internal.util.ExecutableParameterNameProvider as ValidatorFactory-scoped parameter name provider.
2025-08-29T20:59:46.871-04:00 DEBUG 12672 --- [notetaker] [           main] .i.e.ValidatorFactoryConfigurationHelper : HV000234: Using org.hibernate.validator.internal.engine.DefaultClockProvider as ValidatorFactory-scoped clock provider.
2025-08-29T20:59:46.871-04:00 DEBUG 12672 --- [notetaker] [           main] .i.e.ValidatorFactoryConfigurationHelper : HV000234: Using org.hibernate.validator.internal.engine.scripting.DefaultScriptEvaluatorFactory as ValidatorFactory-scoped script evaluator factory.
2025-08-29T20:59:47.352-04:00  INFO 12672 --- [notetaker] [           main] o.h.e.t.j.p.i.JtaPlatformInitiator       : HHH000489: No JTA platform available (set 'hibernate.transaction.jta.platform' to enable JTA platform integration)
2025-08-29T20:59:47.478-04:00  INFO 12672 --- [notetaker] [           main] j.LocalContainerEntityManagerFactoryBean : Initialized JPA EntityManagerFactory for persistence unit 'default'
2025-08-29T20:59:47.821-04:00 DEBUG 12672 --- [notetaker] [           main] .h.v.m.ResourceBundleMessageInterpolator : Loaded expression factory via original TCCL
2025-08-29T20:59:47.823-04:00 DEBUG 12672 --- [notetaker] [           main] o.h.v.i.e.AbstractConfigurationImpl      : Setting custom MessageInterpolator of type org.springframework.validation.beanvalidation.LocaleContextMessageInterpolator
2025-08-29T20:59:47.823-04:00 DEBUG 12672 --- [notetaker] [           main] o.h.v.i.e.AbstractConfigurationImpl      : Setting custom ConstraintValidatorFactory of type org.springframework.validation.beanvalidation.SpringConstraintValidatorFactory
2025-08-29T20:59:47.824-04:00 DEBUG 12672 --- [notetaker] [           main] o.h.v.i.xml.config.ValidationXmlParser   : Trying to load META-INF/validation.xml for XML based Validator configuration.
2025-08-29T20:59:47.824-04:00 DEBUG 12672 --- [notetaker] [           main] o.h.v.i.xml.config.ResourceLoaderHelper  : Trying to load META-INF/validation.xml via user class loader
2025-08-29T20:59:47.825-04:00 DEBUG 12672 --- [notetaker] [           main] o.h.v.i.xml.config.ResourceLoaderHelper  : Trying to load META-INF/validation.xml via TCCL
2025-08-29T20:59:47.825-04:00 DEBUG 12672 --- [notetaker] [           main] o.h.v.i.xml.config.ResourceLoaderHelper  : Trying to load META-INF/validation.xml via Hibernate Validator's class loader
2025-08-29T20:59:47.825-04:00 DEBUG 12672 --- [notetaker] [           main] o.h.v.i.xml.config.ValidationXmlParser   : No META-INF/validation.xml found. Using annotation based configuration only.
2025-08-29T20:59:47.825-04:00 DEBUG 12672 --- [notetaker] [           main] o.h.v.i.e.resolver.TraversableResolvers  : Found jakarta.persistence.Persistence on classpath containing 'getPersistenceUtil'. Assuming JPA 2 environment. Trying to instantiate JPA aware TraversableResolver
2025-08-29T20:59:47.825-04:00 DEBUG 12672 --- [notetaker] [           main] o.h.v.i.e.resolver.TraversableResolvers  : Instantiated JPA aware TraversableResolver of type org.hibernate.validator.internal.engine.resolver.JPATraversableResolver.
2025-08-29T20:59:47.826-04:00 DEBUG 12672 --- [notetaker] [           main] .i.e.ValidatorFactoryConfigurationHelper : HV000252: Using org.hibernate.validator.internal.engine.DefaultPropertyNodeNameProvider as property node name provider.
2025-08-29T20:59:47.826-04:00 DEBUG 12672 --- [notetaker] [           main] .i.e.ValidatorFactoryConfigurationHelper : HV000234: Using org.springframework.validation.beanvalidation.LocaleContextMessageInterpolator as ValidatorFactory-scoped message interpolator.
2025-08-29T20:59:47.826-04:00 DEBUG 12672 --- [notetaker] [           main] .i.e.ValidatorFactoryConfigurationHelper : HV000234: Using org.hibernate.validator.internal.engine.resolver.JPATraversableResolver as ValidatorFactory-scoped traversable resolver.
2025-08-29T20:59:47.827-04:00 DEBUG 12672 --- [notetaker] [           main] .i.e.ValidatorFactoryConfigurationHelper : HV000234: Using org.hibernate.validator.internal.util.ExecutableParameterNameProvider as ValidatorFactory-scoped parameter name provider.
2025-08-29T20:59:47.827-04:00 DEBUG 12672 --- [notetaker] [           main] .i.e.ValidatorFactoryConfigurationHelper : HV000234: Using org.hibernate.validator.internal.engine.DefaultClockProvider as ValidatorFactory-scoped clock provider.
2025-08-29T20:59:47.827-04:00 DEBUG 12672 --- [notetaker] [           main] .i.e.ValidatorFactoryConfigurationHelper : HV000234: Using org.hibernate.validator.internal.engine.scripting.DefaultScriptEvaluatorFactory as ValidatorFactory-scoped script evaluator factory.
2025-08-29T20:59:47.903-04:00  WARN 12672 --- [notetaker] [           main] JpaBaseConfiguration$JpaWebConfiguration : spring.jpa.open-in-view is enabled by default. Therefore, database queries may be performed during view rendering. Explicitly configure spring.jpa.open-in-view to disable this warning
2025-08-29T20:59:48.287-04:00  INFO 12672 --- [notetaker] [           main] c.n.notetaker.NotetakerApplicationTests  : Started NotetakerApplicationTests in 3.867 seconds (process running for 4.684)
]]></system-out>
  </testcase>
</testsuite>